Using pre-set license
Built from '2021.1/staging' branch; Version is '2021.1.7f1 (d91830b65d9b) revision 14227504'; Using compiler version '192528614'; Build Type 'Release'
OS: 'Windows 10 Pro; OS build 19041.1052; Version 2004; 64bit' Language: 'en' Physical Memory: 16311 MB
BatchMode: 1, IsHumanControllingUs: 0, StartBugReporterOnCrash: 0, Is64bit: 1, IsPro: 0

 COMMAND LINE ARGUMENTS:
C:\Program Files\Unity\Hub\Editor\2021.1.7f1\Editor\Unity.exe
-adb2
-batchMode
-noUpm
-name
AssetImportWorker0
-projectPath
C:/Users/Ian/Lab1
-logFile
Logs/AssetImportWorker0.log
-srvPort
63614
Successfully changed project path to: C:/Users/Ian/Lab1
C:/Users/Ian/Lab1
Using Asset Import Pipeline V2.
Refreshing native plugins compatible for Editor in 97.31 ms, found 2 plugins.
Preloading 0 native plugins for Editor in 0.00 ms.
Initialize engine version: 2021.1.7f1 (d91830b65d9b)
[Subsystems] Discovering subsystems at path C:/Program Files/Unity/Hub/Editor/2021.1.7f1/Editor/Data/Resources/UnitySubsystems
[Subsystems] Discovering subsystems at path C:/Users/Ian/Lab1/Assets
GfxDevice: creating device client; threaded=0; jobified=0
Direct3D:
    Version:  Direct3D 11.0 [level 11.1]
    Renderer: NVIDIA GeForce GTX 1080 Ti (ID=0x1b06)
    Vendor:   NVIDIA
    VRAM:     11127 MB
    Driver:   27.21.14.5671
Shader 'Universal Render Pipeline/Particles/Lit': fallback shader 'Universal Render Pipeline/Particles/SimpleLit' not found
Initialize mono
Mono path[0] = 'C:/Program Files/Unity/Hub/Editor/2021.1.7f1/Editor/Data/Managed'
Mono path[1] = 'C:/Program Files/Unity/Hub/Editor/2021.1.7f1/Editor/Data/MonoBleedingEdge/lib/mono/unityjit'
Mono config path = 'C:/Program Files/Unity/Hub/Editor/2021.1.7f1/Editor/Data/MonoBleedingEdge/etc'
Using monoOptions --debugger-agent=transport=dt_socket,embedding=1,server=y,suspend=n,address=127.0.0.1:56104
Begin MonoManager ReloadAssembly
Registering precompiled unity dll's ...
Register platform support module: C:/Program Files/Unity/Hub/Editor/2021.1.7f1/Editor/Data/PlaybackEngines/WindowsStandaloneSupport/UnityEditor.WindowsStandalone.Extensions.dll
Registered in 0.001856 seconds.
Native extension for WindowsStandalone target not found
Refreshing native plugins compatible for Editor in 101.47 ms, found 2 plugins.
Preloading 0 native plugins for Editor in 0.00 ms.
Mono: successfully reloaded assembly
- Completed reload, in  1.146 seconds
Platform modules already initialized, skipping
Registering precompiled user dll's ...
Registered in 0.002878 seconds.
Begin MonoManager ReloadAssembly
Symbol file LoadedFromMemory doesn't match image C:\Users\Ian\Lab1\Library\PackageCache\com.unity.visualscripting@1.6.1\Editor\VisualScripting.Core\Dependencies\YamlDotNet\Unity.VisualScripting.YamlDotNet.dll
Symbol file LoadedFromMemory doesn't match image C:\Users\Ian\Lab1\Library\PackageCache\com.unity.visualscripting@1.6.1\Editor\VisualScripting.Core\Dependencies\DotNetZip\Unity.VisualScripting.IonicZip.dll
Native extension for WindowsStandalone target not found
Refreshing native plugins compatible for Editor in 100.91 ms, found 2 plugins.
Preloading 0 native plugins for Editor in 0.00 ms.
Mono: successfully reloaded assembly
- Completed reload, in  1.067 seconds
Platform modules already initialized, skipping
========================================================================
Worker process is ready to serve import requests
Shader 'Universal Render Pipeline/Particles/Lit': fallback shader 'Universal Render Pipeline/Particles/SimpleLit' not found
Launched and connected shader compiler UnityShaderCompiler.exe after 0.04 seconds
Refreshing native plugins compatible for Editor in 0.63 ms, found 2 plugins.
Preloading 0 native plugins for Editor in 0.00 ms.
Unloading 4538 Unused Serialized files (Serialized files now loaded: 0)
System memory in use before: 188.7 MB.
System memory in use after: 188.8 MB.

Unloading 27 unused Assets to reduce memory usage. Loaded Objects now: 5012.
Total: 2.423400 ms (FindLiveObjects: 0.256900 ms CreateObjectMapping: 0.221600 ms MarkObjects: 1.853800 ms  DeleteObjects: 0.090500 ms)

========================================================================
Received Import Request.
  path: Assets/Sprite/redMushroom_white.png
  artifactKey: Guid(e63435038daf27547846960e33949e8f) Importer(815301076,1909f56bfc062723c751e8b465ee728b)
Start importing Assets/Sprite/redMushroom_white.png using Guid(e63435038daf27547846960e33949e8f) Importer(815301076,1909f56bfc062723c751e8b465ee728b)  -> (artifact id: 'b7539dfdc5b6485a0719e8e86d06585a') in 0.181137 seconds 
========================================================================
Received Import Request.
  Time since last request: 0.000167 seconds.
  path: Assets/Sprite/redMushroom.png
  artifactKey: Guid(4d31bf68960f4a24e8028923864ca441) Importer(815301076,1909f56bfc062723c751e8b465ee728b)
Start importing Assets/Sprite/redMushroom.png using Guid(4d31bf68960f4a24e8028923864ca441) Importer(815301076,1909f56bfc062723c751e8b465ee728b)  -> (artifact id: '8498c5f081f7df8302ffbc09e1c4a227') in 0.015446 seconds 
========================================================================
Received Import Request.
  Time since last request: 28.952360 seconds.
  path: Assets/Sprite/redMushroom.png
  artifactKey: Guid(4d31bf68960f4a24e8028923864ca441) Importer(815301076,1909f56bfc062723c751e8b465ee728b)
Start importing Assets/Sprite/redMushroom.png using Guid(4d31bf68960f4a24e8028923864ca441) Importer(815301076,1909f56bfc062723c751e8b465ee728b)  -> (artifact id: '7ee21dc2cdd396a8b6c3e32c8887a72e') in 0.011391 seconds 
========================================================================
Received Import Request.
  Time since last request: 416.657075 seconds.
  path: Assets/Sprite/redMushroom_white.png
  artifactKey: Guid(e63435038daf27547846960e33949e8f) Importer(815301076,1909f56bfc062723c751e8b465ee728b)
Start importing Assets/Sprite/redMushroom_white.png using Guid(e63435038daf27547846960e33949e8f) Importer(815301076,1909f56bfc062723c751e8b465ee728b)  -> (artifact id: '9be93390f304ac7d312205140599c1ec') in 0.014907 seconds 
========================================================================
Received Import Request.
  Time since last request: 225.589914 seconds.
  path: Assets/Sprite/redMushroom.png
  artifactKey: Guid(4d31bf68960f4a24e8028923864ca441) Importer(815301076,1909f56bfc062723c751e8b465ee728b)
Start importing Assets/Sprite/redMushroom.png using Guid(4d31bf68960f4a24e8028923864ca441) Importer(815301076,1909f56bfc062723c751e8b465ee728b)  -> (artifact id: '28f316f7bad12abbff47ca7d2da2d79b') in 0.015978 seconds 
========================================================================
Received Import Request.
  Time since last request: 0.000192 seconds.
  path: Assets/Sprite/redMushroom_white.png
  artifactKey: Guid(e63435038daf27547846960e33949e8f) Importer(815301076,1909f56bfc062723c751e8b465ee728b)
Start importing Assets/Sprite/redMushroom_white.png using Guid(e63435038daf27547846960e33949e8f) Importer(815301076,1909f56bfc062723c751e8b465ee728b)  -> (artifact id: '502b2f7d62598eb327698c76049cd6ee') in 0.012244 seconds 
========================================================================
Received Import Request.
  Time since last request: 18.195751 seconds.
  path: Assets/Sprite/redMushroom.png
  artifactKey: Guid(4d31bf68960f4a24e8028923864ca441) Importer(815301076,1909f56bfc062723c751e8b465ee728b)
Start importing Assets/Sprite/redMushroom.png using Guid(4d31bf68960f4a24e8028923864ca441) Importer(815301076,1909f56bfc062723c751e8b465ee728b)  -> (artifact id: '9da88243c9cbca17d14e7510bfe3d0b4') in 0.008857 seconds 
========================================================================
Received Import Request.
  Time since last request: 0.000201 seconds.
  path: Assets/Sprite/redMushroom_white.png
  artifactKey: Guid(e63435038daf27547846960e33949e8f) Importer(815301076,1909f56bfc062723c751e8b465ee728b)
Start importing Assets/Sprite/redMushroom_white.png using Guid(e63435038daf27547846960e33949e8f) Importer(815301076,1909f56bfc062723c751e8b465ee728b)  -> (artifact id: '3e7ad3acc37e4ce01a196f70dacfd85f') in 0.008243 seconds 
========================================================================
Received Import Request.
  Time since last request: 62.912738 seconds.
  path: Assets/Sprite/redMushroom_white.png
  artifactKey: Guid(e63435038daf27547846960e33949e8f) Importer(815301076,1909f56bfc062723c751e8b465ee728b)
Start importing Assets/Sprite/redMushroom_white.png using Guid(e63435038daf27547846960e33949e8f) Importer(815301076,1909f56bfc062723c751e8b465ee728b)  -> (artifact id: 'e4e569c7b2ea6cc2d80da952bcb92210') in 0.013134 seconds 
========================================================================
Received Import Request.
  Time since last request: 60.130468 seconds.
  path: Assets/Sprite/redMushroom_white.png
  artifactKey: Guid(e63435038daf27547846960e33949e8f) Importer(815301076,1909f56bfc062723c751e8b465ee728b)
Start importing Assets/Sprite/redMushroom_white.png using Guid(e63435038daf27547846960e33949e8f) Importer(815301076,1909f56bfc062723c751e8b465ee728b)  -> (artifact id: '5d38d069c1ff82ebd8f5e5307f41f2cd') in 0.009515 seconds 
========================================================================
Received Import Request.
  Time since last request: 274.843243 seconds.
  path: Assets/Prefabs/redMushroom.prefab
  artifactKey: Guid(13036845fc2150d459ed88e5a19f2b6c) Importer(815301076,1909f56bfc062723c751e8b465ee728b)
Start importing Assets/Prefabs/redMushroom.prefab using Guid(13036845fc2150d459ed88e5a19f2b6c) Importer(815301076,1909f56bfc062723c751e8b465ee728b)  -> (artifact id: '7328b0c2b8f6f6569a53ac655d6e272b') in 0.214739 seconds 
========================================================================
Received Import Request.
  Time since last request: 47.784925 seconds.
  path: Assets/Prefabs/redMushroom.prefab
  artifactKey: Guid(13036845fc2150d459ed88e5a19f2b6c) Importer(815301076,1909f56bfc062723c751e8b465ee728b)
Start importing Assets/Prefabs/redMushroom.prefab using Guid(13036845fc2150d459ed88e5a19f2b6c) Importer(815301076,1909f56bfc062723c751e8b465ee728b)  -> (artifact id: '0b06cbab1ec428fcaaccdd5c43236a6e') in 0.007192 seconds 
========================================================================
Received Import Request.
  Time since last request: 0.306412 seconds.
  path: Assets/Prefabs/redMushroom.prefab
  artifactKey: Guid(13036845fc2150d459ed88e5a19f2b6c) Importer(815301076,1909f56bfc062723c751e8b465ee728b)
Start importing Assets/Prefabs/redMushroom.prefab using Guid(13036845fc2150d459ed88e5a19f2b6c) Importer(815301076,1909f56bfc062723c751e8b465ee728b)  -> (artifact id: '8dc9fba27464b3c2ed0ff48c6c74e4b1') in 0.006669 seconds 
========================================================================
Received Import Request.
  Time since last request: 39.760628 seconds.
  path: Assets/Shaders/MushroomGlow.shadergraph
  artifactKey: Guid(2d47438d86d02d3409b87705ab6613ed) Importer(815301076,1909f56bfc062723c751e8b465ee728b)
Start importing Assets/Shaders/MushroomGlow.shadergraph using Guid(2d47438d86d02d3409b87705ab6613ed) Importer(815301076,1909f56bfc062723c751e8b465ee728b)  -> (artifact id: '701cbd5e1a4769ae2df26ec5214b8fc0') in 0.007234 seconds 
========================================================================
Received Prepare
Registering precompiled user dll's ...
Registered in 0.002566 seconds.
Begin MonoManager ReloadAssembly
Symbol file LoadedFromMemory doesn't match image C:\Users\Ian\Lab1\Library\PackageCache\com.unity.visualscripting@1.6.1\Editor\VisualScripting.Core\Dependencies\YamlDotNet\Unity.VisualScripting.YamlDotNet.dll
Symbol file LoadedFromMemory doesn't match image C:\Users\Ian\Lab1\Library\PackageCache\com.unity.visualscripting@1.6.1\Editor\VisualScripting.Core\Dependencies\DotNetZip\Unity.VisualScripting.IonicZip.dll
Native extension for WindowsStandalone target not found
Refreshing native plugins compatible for Editor in 0.75 ms, found 2 plugins.
Preloading 0 native plugins for Editor in 0.00 ms.
Mono: successfully reloaded assembly
- Completed reload, in  1.355 seconds
Platform modules already initialized, skipping
Shader 'Universal Render Pipeline/Particles/Lit': fallback shader 'Universal Render Pipeline/Particles/SimpleLit' not found
Refreshing native plugins compatible for Editor in 1.23 ms, found 2 plugins.
Preloading 0 native plugins for Editor in 0.00 ms.
Unloading 4426 Unused Serialized files (Serialized files now loaded: 0)
System memory in use before: 195.0 MB.
System memory in use after: 195.1 MB.

Unloading 16 unused Assets to reduce memory usage. Loaded Objects now: 5211.
Total: 3.565500 ms (FindLiveObjects: 0.357700 ms CreateObjectMapping: 0.225700 ms MarkObjects: 2.879700 ms  DeleteObjects: 0.101200 ms)

========================================================================
Received Import Request.
  Time since last request: 37.899783 seconds.
  path: Assets/Shaders/MushroomGlow.mat
  artifactKey: Guid(6cf5e5dbb7991fa4d8dff442b23c4e48) Importer(815301076,1909f56bfc062723c751e8b465ee728b)
Start importing Assets/Shaders/MushroomGlow.mat using Guid(6cf5e5dbb7991fa4d8dff442b23c4e48) Importer(815301076,1909f56bfc062723c751e8b465ee728b)  -> (artifact id: '44132dd855fe73cbd48020ed0c365742') in 0.173509 seconds 
========================================================================
Received Import Request.
  Time since last request: 79.532190 seconds.
  path: Assets/Shaders/MushroomGlow.shadergraph
  artifactKey: Guid(2d47438d86d02d3409b87705ab6613ed) Importer(815301076,1909f56bfc062723c751e8b465ee728b)
Start importing Assets/Shaders/MushroomGlow.shadergraph using Guid(2d47438d86d02d3409b87705ab6613ed) Importer(815301076,1909f56bfc062723c751e8b465ee728b)  -> (artifact id: '5f1003085ec6ae03561752f06653c2e6') in 0.002254 seconds 
========================================================================
Received Import Request.
  Time since last request: 9.308948 seconds.
  path: Assets/Prefabs/redMushroom.prefab
  artifactKey: Guid(13036845fc2150d459ed88e5a19f2b6c) Importer(815301076,1909f56bfc062723c751e8b465ee728b)
Start importing Assets/Prefabs/redMushroom.prefab using Guid(13036845fc2150d459ed88e5a19f2b6c) Importer(815301076,1909f56bfc062723c751e8b465ee728b)  -> (artifact id: 'e4474473ae7e54e0e803be8fe4bfbae1') in 0.020600 seconds 
========================================================================
Received Prepare
Registering precompiled user dll's ...
Registered in 0.002763 seconds.
Begin MonoManager ReloadAssembly
Symbol file LoadedFromMemory doesn't match image C:\Users\Ian\Lab1\Library\PackageCache\com.unity.visualscripting@1.6.1\Editor\VisualScripting.Core\Dependencies\YamlDotNet\Unity.VisualScripting.YamlDotNet.dll
Symbol file LoadedFromMemory doesn't match image C:\Users\Ian\Lab1\Library\PackageCache\com.unity.visualscripting@1.6.1\Editor\VisualScripting.Core\Dependencies\DotNetZip\Unity.VisualScripting.IonicZip.dll
Native extension for WindowsStandalone target not found
Refreshing native plugins compatible for Editor in 0.64 ms, found 2 plugins.
Preloading 0 native plugins for Editor in 0.00 ms.
Mono: successfully reloaded assembly
- Completed reload, in  0.979 seconds
Platform modules already initialized, skipping
Shader 'Universal Render Pipeline/Particles/Lit': fallback shader 'Universal Render Pipeline/Particles/SimpleLit' not found
Refreshing native plugins compatible for Editor in 0.64 ms, found 2 plugins.
Preloading 0 native plugins for Editor in 0.00 ms.
Unloading 4424 Unused Serialized files (Serialized files now loaded: 0)
System memory in use before: 195.2 MB.
System memory in use after: 195.4 MB.

Unloading 16 unused Assets to reduce memory usage. Loaded Objects now: 5286.
Total: 2.934400 ms (FindLiveObjects: 0.304000 ms CreateObjectMapping: 0.251800 ms MarkObjects: 2.287500 ms  DeleteObjects: 0.090200 ms)

========================================================================
Received Prepare
Registering precompiled user dll's ...
Registered in 0.002516 seconds.
Begin MonoManager ReloadAssembly
Symbol file LoadedFromMemory doesn't match image C:\Users\Ian\Lab1\Library\PackageCache\com.unity.visualscripting@1.6.1\Editor\VisualScripting.Core\Dependencies\YamlDotNet\Unity.VisualScripting.YamlDotNet.dll
Symbol file LoadedFromMemory doesn't match image C:\Users\Ian\Lab1\Library\PackageCache\com.unity.visualscripting@1.6.1\Editor\VisualScripting.Core\Dependencies\DotNetZip\Unity.VisualScripting.IonicZip.dll
Native extension for WindowsStandalone target not found
Refreshing native plugins compatible for Editor in 0.65 ms, found 2 plugins.
Preloading 0 native plugins for Editor in 0.00 ms.
Mono: successfully reloaded assembly
- Completed reload, in  0.961 seconds
Platform modules already initialized, skipping
Shader 'Universal Render Pipeline/Particles/Lit': fallback shader 'Universal Render Pipeline/Particles/SimpleLit' not found
Refreshing native plugins compatible for Editor in 0.61 ms, found 2 plugins.
Preloading 0 native plugins for Editor in 0.00 ms.
Unloading 4424 Unused Serialized files (Serialized files now loaded: 0)
System memory in use before: 195.3 MB.
System memory in use after: 195.4 MB.

Unloading 16 unused Assets to reduce memory usage. Loaded Objects now: 5290.
Total: 2.563300 ms (FindLiveObjects: 0.282500 ms CreateObjectMapping: 0.198100 ms MarkObjects: 2.003100 ms  DeleteObjects: 0.079000 ms)

========================================================================
Received Prepare
Registering precompiled user dll's ...
Registered in 0.002753 seconds.
Begin MonoManager ReloadAssembly
Symbol file LoadedFromMemory doesn't match image C:\Users\Ian\Lab1\Library\PackageCache\com.unity.visualscripting@1.6.1\Editor\VisualScripting.Core\Dependencies\YamlDotNet\Unity.VisualScripting.YamlDotNet.dll
Symbol file LoadedFromMemory doesn't match image C:\Users\Ian\Lab1\Library\PackageCache\com.unity.visualscripting@1.6.1\Editor\VisualScripting.Core\Dependencies\DotNetZip\Unity.VisualScripting.IonicZip.dll
Native extension for WindowsStandalone target not found
Refreshing native plugins compatible for Editor in 0.78 ms, found 2 plugins.
Preloading 0 native plugins for Editor in 0.00 ms.
Mono: successfully reloaded assembly
- Completed reload, in  1.140 seconds
Platform modules already initialized, skipping
Shader 'Universal Render Pipeline/Particles/Lit': fallback shader 'Universal Render Pipeline/Particles/SimpleLit' not found
Refreshing native plugins compatible for Editor in 1.12 ms, found 2 plugins.
Preloading 0 native plugins for Editor in 0.00 ms.
Unloading 4424 Unused Serialized files (Serialized files now loaded: 0)
System memory in use before: 195.2 MB.
System memory in use after: 195.4 MB.

Unloading 16 unused Assets to reduce memory usage. Loaded Objects now: 5294.
Total: 3.395600 ms (FindLiveObjects: 0.367100 ms CreateObjectMapping: 0.313500 ms MarkObjects: 2.607300 ms  DeleteObjects: 0.106400 ms)

========================================================================
Received Prepare
Registering precompiled user dll's ...
Registered in 0.002929 seconds.
Begin MonoManager ReloadAssembly
Symbol file LoadedFromMemory doesn't match image C:\Users\Ian\Lab1\Library\PackageCache\com.unity.visualscripting@1.6.1\Editor\VisualScripting.Core\Dependencies\YamlDotNet\Unity.VisualScripting.YamlDotNet.dll
Symbol file LoadedFromMemory doesn't match image C:\Users\Ian\Lab1\Library\PackageCache\com.unity.visualscripting@1.6.1\Editor\VisualScripting.Core\Dependencies\DotNetZip\Unity.VisualScripting.IonicZip.dll
Native extension for WindowsStandalone target not found
Refreshing native plugins compatible for Editor in 0.65 ms, found 2 plugins.
Preloading 0 native plugins for Editor in 0.00 ms.
Mono: successfully reloaded assembly
- Completed reload, in  0.983 seconds
Platform modules already initialized, skipping
Shader 'Universal Render Pipeline/Particles/Lit': fallback shader 'Universal Render Pipeline/Particles/SimpleLit' not found
Refreshing native plugins compatible for Editor in 0.72 ms, found 2 plugins.
Preloading 0 native plugins for Editor in 0.00 ms.
Unloading 4424 Unused Serialized files (Serialized files now loaded: 0)
System memory in use before: 195.3 MB.
System memory in use after: 195.4 MB.

Unloading 16 unused Assets to reduce memory usage. Loaded Objects now: 5298.
Total: 2.799600 ms (FindLiveObjects: 0.286200 ms CreateObjectMapping: 0.210500 ms MarkObjects: 2.218900 ms  DeleteObjects: 0.083300 ms)

========================================================================
Received Prepare
Registering precompiled user dll's ...
Registered in 0.002994 seconds.
Begin MonoManager ReloadAssembly
Symbol file LoadedFromMemory doesn't match image C:\Users\Ian\Lab1\Library\PackageCache\com.unity.visualscripting@1.6.1\Editor\VisualScripting.Core\Dependencies\YamlDotNet\Unity.VisualScripting.YamlDotNet.dll
Symbol file LoadedFromMemory doesn't match image C:\Users\Ian\Lab1\Library\PackageCache\com.unity.visualscripting@1.6.1\Editor\VisualScripting.Core\Dependencies\DotNetZip\Unity.VisualScripting.IonicZip.dll
Native extension for WindowsStandalone target not found
Refreshing native plugins compatible for Editor in 0.64 ms, found 2 plugins.
Preloading 0 native plugins for Editor in 0.00 ms.
Mono: successfully reloaded assembly
- Completed reload, in  0.925 seconds
Platform modules already initialized, skipping
Shader 'Universal Render Pipeline/Particles/Lit': fallback shader 'Universal Render Pipeline/Particles/SimpleLit' not found
Refreshing native plugins compatible for Editor in 0.62 ms, found 2 plugins.
Preloading 0 native plugins for Editor in 0.00 ms.
Unloading 4424 Unused Serialized files (Serialized files now loaded: 0)
System memory in use before: 195.3 MB.
System memory in use after: 195.4 MB.

Unloading 16 unused Assets to reduce memory usage. Loaded Objects now: 5302.
Total: 2.596700 ms (FindLiveObjects: 0.267000 ms CreateObjectMapping: 0.180600 ms MarkObjects: 2.067200 ms  DeleteObjects: 0.081200 ms)

AssetImportWorkerClient::OnTransportError - code=2 error=End of file
